<?xml version="1.0" encoding="UTF-8"?>
<!-- Generated by org.testng.reporters.JUnitXMLReporter -->
<testsuite hostname="DESKTOP-06I5ITV" ignored="0" name="Test" tests="3" failures="0" timestamp="2021-06-26T14:14:16 EDT" time="39.834" errors="0">
  <testcase name="LoginHRM" time="6.012" classname="testcases.LoginTest"/>
  <testcase name="LoginHRMExcel" time="4.269" classname="testcases.LoginTest"/>
  <testcase name="UMTest" time="10.589" classname="testcases.UserManagementTest"/>
</testsuite> <!-- Test -->
